<?xml version="1.0" encoding="UTF-8"?>
<testng-results ignored="0" total="1" passed="1" failed="0" skipped="0">
  <reporter-output>
  </reporter-output>
  <suite started-at="2025-04-06T12:52:36 IST" name="Default suite" finished-at="2025-04-06T12:53:03 IST" duration-ms="27337">
    <groups>
    </groups>
    <test started-at="2025-04-06T12:52:36 IST" name="Default test" finished-at="2025-04-06T12:53:03 IST" duration-ms="27337">
      <class name="tests.SampleTest">
        <test-method signature="testGoogle()[pri:0, instance:tests.SampleTest@1bd4fdd]" started-at="2025-04-06T12:52:36 IST" name="testGoogle" finished-at="2025-04-06T12:53:03 IST" duration-ms="27257" status="PASS">
          <reporter-output>
          </reporter-output>
        </test-method> <!-- testGoogle -->
      </class> <!-- tests.SampleTest -->
    </test> <!-- Default test -->
  </suite> <!-- Default suite -->
</testng-results>
